<?xml version="1.0" encoding="UTF-8"?>
<!-- Generated by org.testng.reporters.JUnitReportReporter -->
<testsuite hostname="Yaseens-MacBook-Pro.local" failures="0" tests="3" name="TestAnnotationsTutorial.Class1" time="0.005" errors="0" timestamp="2023-07-16T14:15:35 CEST" skipped="0">
  <testcase classname="TestAnnotationsTutorial.Class1" name="Testcas3" time="0.001"/>
  <testcase classname="TestAnnotationsTutorial.Class1" name="Testcase2" time="0.003"/>
  <testcase classname="TestAnnotationsTutorial.Class1" name="Testcase1" time="0.001"/>
</testsuite> <!-- TestAnnotationsTutorial.Class1 -->
