<?xml version="1.0" encoding="UTF-8"?>
<!-- Generated by org.testng.reporters.JUnitReportReporter -->
<testsuite hostname="Yaseens-MacBook-Pro.local" failures="0" tests="4" name="ListnerInterface.testcasesClass" time="0.005" errors="0" timestamp="2023-07-16T20:11:02 CEST" skipped="0">
  <testcase classname="ListnerInterface.testcasesClass" name="test1" time="0.003"/>
  <testcase classname="ListnerInterface.testcasesClass" name="test4" time="0.001"/>
  <testcase classname="ListnerInterface.testcasesClass" name="test3" time="0.000"/>
  <testcase classname="ListnerInterface.testcasesClass" name="test2" time="0.001"/>
</testsuite> <!-- ListnerInterface.testcasesClass -->
