<?xml version="1.0" encoding="UTF-8"?>
<!-- Generated by org.testng.reporters.JUnitReportReporter -->
<testsuite hostname="Yaseens-MacBook-Pro.local" failures="0" tests="1" name="TestNGParametersTutorial.TestngParameter2" time="0.001" errors="0" timestamp="2023-07-16T14:52:54 CEST" skipped="0">
  <testcase classname="TestNGParametersTutorial.TestngParameter2" name="printCompanyName" time="0.001"/>
</testsuite> <!-- TestNGParametersTutorial.TestngParameter2 -->
