<?xml version="1.0" encoding="UTF-8"?>
<!-- Generated by org.testng.reporters.JUnitReportReporter -->
<testsuite hostname="Yaseens-MacBook-Pro.local" failures="0" tests="1" name="test.day3" time="0.003" errors="0" timestamp="2023-07-16T21:19:48 CEST" skipped="0">
  <testcase classname="test.day3" name="APILoginHomeLoan" time="0.003"/>
</testsuite> <!-- test.day3 -->
