<?xml version="1.0" encoding="UTF-8"?>
<!-- Generated by org.testng.reporters.JUnitReportReporter -->
<testsuite hostname="Yaseens-MacBook-Pro.local" failures="0" tests="3" name="TestNGParametersTutorial.testngParameter" time="0.004" errors="0" timestamp="2023-07-16T14:52:54 CEST" skipped="0">
  <testcase classname="TestNGParametersTutorial.testngParameter" name="getSum" time="0.004"/>
  <testcase classname="TestNGParametersTutorial.testngParameter" name="getDiff" time="0.000"/>
  <testcase classname="TestNGParametersTutorial.testngParameter" name="getProduct" time="0.000"/>
</testsuite> <!-- TestNGParametersTutorial.testngParameter -->
