<?xml version="1.0" encoding="UTF-8"?>
<!-- Generated by org.testng.reporters.JUnitReportReporter -->
<testsuite hostname="Yaseens-MacBook-Pro.local" failures="0" tests="6" name="FinancialOrganization.MobileUpdateUserData" time="0.003" errors="0" timestamp="2023-07-16T12:40:52 CEST" skipped="0">
  <testcase classname="FinancialOrganization.MobileUpdateUserData" name="deleteCookies" time="0.002"/>
  <testcase classname="FinancialOrganization.MobileUpdateUserData" name="deleteCradentials" time="0.001"/>
  <testcase classname="FinancialOrganization.MobileUpdateUserData" name="getCradentials" time="0.000"/>
  <testcase classname="FinancialOrganization.MobileUpdateUserData" name="MobileLogin" time="0.000"/>
  <testcase classname="FinancialOrganization.MobileUpdateUserData" name="MobileUserDataUpdate" time="0.000"/>
  <testcase classname="FinancialOrganization.MobileUpdateUserData" name="MobileLogout" time="0.000"/>
</testsuite> <!-- FinancialOrganization.MobileUpdateUserData -->
