<?xml version="1.0" encoding="UTF-8"?>
<!-- Generated by org.testng.reporters.JUnitReportReporter -->
<testsuite hostname="Yaseens-MacBook-Pro.local" failures="0" tests="1" name="test.day2" time="0.000" errors="0" timestamp="2023-07-16T21:19:48 CEST" skipped="0">
  <testcase classname="test.day2" name="wishBirthday" time="0.000"/>
</testsuite> <!-- test.day2 -->
