<?xml version="1.0" encoding="UTF-8"?>
<!-- Generated by org.testng.reporters.JUnitReportReporter -->
<testsuite hostname="Yaseens-MacBook-Pro.local" failures="0" tests="2" name="test.day4" time="0.001" errors="0" timestamp="2023-07-16T21:19:48 CEST" skipped="0">
  <testcase classname="test.day4" name="APILoginCarFinance" time="0.001"/>
  <testcase classname="test.day4" name="APIGetDataCarFinance" time="0.000"/>
</testsuite> <!-- test.day4 -->
